#-----------------------------------------------------------
# PlanAhead v14.7 (64-bit)
# Build 321239 by xbuild on Fri Sep 27 19:29:51 MDT 2013
# Start of session at: Sat Jul 20 15:22:05 2024
# Process ID: 26516
# Log file: E:/Zhangliumingyuan/ISE_Projects/FlywheelControl_V1.1/planAhead_run_1/planAhead.log
# Journal file: E:/Zhangliumingyuan/ISE_Projects/FlywheelControl_V1.1/planAhead_run_1/planAhead.jou
#-----------------------------------------------------------
INFO: [Common 17-78] Attempting to get a license: PlanAhead
INFO: [Common 17-290] Got license for PlanAhead
INFO: [Device 21-36] Loading parts and site information from C:/Xilinx/14.7/ISE_DS/PlanAhead/data/parts/arch.xml
Parsing RTL primitives file [C:/Xilinx/14.7/ISE_DS/PlanAhead/data/parts/xilinx/rtl/prims/rtl_prims.xml]
Finished parsing RTL primitives file [C:/Xilinx/14.7/ISE_DS/PlanAhead/data/parts/xilinx/rtl/prims/rtl_prims.xml]
start_gui
INFO: [Common 17-81] Feature available: PartialReconfiguration
source E:/Zhangliumingyuan/ISE_Projects/FlywheelControl_V1.1/pa.fromNetlist.tcl
# create_project -name FlywheelControl_V1.1 -dir "E:/Zhangliumingyuan/ISE_Projects/FlywheelControl_V1.1/planAhead_run_1" -part xc4vlx25ff668-10
# set_property design_mode GateLvl [get_property srcset [current_run -impl]]
# set_property edif_top_file "E:/Zhangliumingyuan/ISE_Projects/FlywheelControl_V1.1/Top.ngc" [ get_property srcset [ current_run ] ]
# add_files -norecurse { {E:/Zhangliumingyuan/ISE_Projects/FlywheelControl_V1.1} {ipcore_dir} }
# add_files [list {ipcore_dir/Chipscope_ICON.ncf}] -fileset [get_property constrset [current_run]]
# add_files [list {ipcore_dir/Chipscope_ILA.ncf}] -fileset [get_property constrset [current_run]]
# set_property target_constrs_file "E:/Zhangliumingyuan/ISE_Projects/FlywheelControl_V1.1/user/Flywheel.ucf" [current_fileset -constrset]
Adding file 'E:/Zhangliumingyuan/ISE_Projects/FlywheelControl_V1.1/user/Flywheel.ucf' to fileset 'constrs_1'
INFO: [Common 17-41] Interrupt caught. Command should exit soon.
INFO: [Common 17-344] 'source' was cancelled
exit
ERROR: [PlanAhead 12-106] *** Exception: ui.h.b: Found deleted key in HTclEventBroker. Verify if the classes listed here call cleanup()
HTclEvent: SIGNAL_MODIFY   Classes: ui.views.aR 
HTclEvent: DEBUG_CORE_CONFIG_CHANGE   Classes: ui.views.aR 
HTclEvent: DEBUG_PORT_CONFIG_CHANGE   Classes: ui.views.aR 
HTclEvent: SIGNAL_BUS_MODIFY   Classes: ui.views.aR 
 (See E:/Zhangliumingyuan/ISE_Projects/FlywheelControl_V1.1\planAhead_pid26516.debug)
ERROR: [Common 17-39] 'stop_gui' failed due to earlier errors.
INFO: [Common 17-206] Exiting PlanAhead at Sat Jul 20 15:22:17 2024...
INFO: [Common 17-83] Releasing license: PlanAhead
